[D 20220120 16:23:30 __init__:241] (private) matplotlib data path: C:\Users\winghingYau\Documents\anaconda3\envs\py368\lib\site-packages\matplotlib\mpl-data
[D 20220120 16:23:30 __init__:241] matplotlib data path: C:\Users\winghingYau\Documents\anaconda3\envs\py368\lib\site-packages\matplotlib\mpl-data
[D 20220120 16:23:30 __init__:241] CONFIGDIR=C:\Users\winghingYau\.matplotlib
[D 20220120 16:23:30 __init__:1480] matplotlib version 3.3.4
[D 20220120 16:23:30 __init__:1481] interactive is False
[D 20220120 16:23:30 __init__:1482] platform is win32
[D 20220120 16:23:30 __init__:1483] loaded modules: ['builtins', 'sys', '_frozen_importlib', '_imp', '_warnings', '_thread', '_weakref', '_frozen_importlib_external', '_io', 'marshal', 'nt', 'winreg', 'zipimport', 'encodings', 'codecs', '_codecs', 'encodings.aliases', 'encodings.utf_8', '_signal', '__main__', 'encodings.latin_1', 'io', 'abc', '_weakrefset', '_bootlocale', '_locale', 'encodings.cp1252', 'site', 'os', 'errno', 'stat', '_stat', 'ntpath', 'genericpath', 'os.path', '_collections_abc', '_sitebuiltins', 'sysconfig', 'types', 'functools', '_functools', 'collections', 'operator', '_operator', 'keyword', 'heapq', '_heapq', 'itertools', 'reprlib', '_collections', 'weakref', 'collections.abc', 'importlib', 'importlib._bootstrap', 'importlib._bootstrap_external', 'warnings', 'importlib.util', 'importlib.abc', 'importlib.machinery', 'contextlib', 'mpl_toolkits', 'logging', 'time', 'traceback', 'linecache', 'tokenize', 're', 'enum', 'sre_compile', '_sre', 'sre_parse', 'sre_constants', 'copyreg', 'token', 'string', '_string', 'threading', 'atexit', 'datetime', 'math', '_datetime', 'ui', 'ui.home', 'tkinter', '_tkinter', 'tkinter.constants', 'tkinter.filedialog', 'tkinter.dialog', 'tkinter.commondialog', 'fnmatch', 'posixpath', 'numpy', 'numpy._globals', 'numpy.__config__', 'numpy.version', 'numpy._distributor_init', 'glob', 'ctypes', '_ctypes', 'struct', '_struct', 'ctypes._endian', 'numpy.core', 'numpy.core.multiarray', 'numpy.core.overrides', 'textwrap', 'numpy.core._multiarray_umath', 'numpy.compat', 'numpy.compat._inspect', 'numpy.compat.py3k', 'pathlib', 'urllib', 'urllib.parse', 'pickle', '_compat_pickle', '_pickle', 'numpy.core.umath', 'numpy.core.numerictypes', 'numbers', 'numpy.core._string_helpers', 'numpy.core._type_aliases', 'numpy.core._dtype', 'numpy.core.numeric', 'numpy.core.shape_base', 'numpy.core._asarray', 'numpy.core.fromnumeric', 'numpy.core._methods', 'numpy.core._exceptions', 'numpy.core._ufunc_config', 'numpy.core.arrayprint', 'numpy.core.defchararray', 'numpy.core.records', 'numpy.core.memmap', 'numpy.core.function_base', 'numpy.core.machar', 'numpy.core.getlimits', 'numpy.core.einsumfunc', 'numpy.core._add_newdocs', 'numpy.core._multiarray_tests', 'numpy.core._dtype_ctypes', 'numpy.core._internal', 'ast', '_ast', 'platform', 'subprocess', 'signal', 'msvcrt', '_winapi', 'numpy._pytesttester', 'numpy.lib', 'numpy.lib.mixins', 'numpy.lib.scimath', 'numpy.lib.type_check', 'numpy.lib.ufunclike', 'numpy.lib.index_tricks', 'numpy.matrixlib', 'numpy.matrixlib.defmatrix', 'numpy.linalg', 'numpy.linalg.linalg', 'numpy.lib.twodim_base', 'numpy.linalg.lapack_lite', 'numpy.linalg._umath_linalg', 'numpy.lib.function_base', 'numpy.lib.histograms', 'numpy.lib.stride_tricks', 'numpy.lib.nanfunctions', 'numpy.lib.shape_base', 'numpy.lib.polynomial', 'numpy.lib.utils', 'numpy.lib.arraysetops', 'numpy.lib.npyio', 'numpy.lib.format', 'numpy.lib._datasource', 'shutil', 'zlib', 'bz2', '_compression', '_bz2', 'lzma', '_lzma', 'numpy.lib._iotools', 'numpy.lib.financial', 'decimal', '_decimal', 'numpy.lib.arrayterator', 'numpy.lib.arraypad', 'numpy.lib._version', 'numpy.fft', 'numpy.fft._pocketfft', 'numpy.fft._pocketfft_internal', 'numpy.fft.helper', 'numpy.polynomial', 'numpy.polynomial.polynomial', 'numpy.polynomial.polyutils', 'numpy.polynomial._polybase', 'numpy.polynomial.chebyshev', 'numpy.polynomial.legendre', 'numpy.polynomial.hermite', 'numpy.polynomial.hermite_e', 'numpy.polynomial.laguerre', 'numpy.random', 'numpy.random._pickle', 'numpy.random.mtrand', 'cython_runtime', 'numpy.random.bit_generator', '_cython_0_29_21', 'numpy.random._common', 'secrets', 'base64', 'binascii', 'hmac', 'hashlib', '_hashlib', '_blake2', '_sha3', 'random', 'bisect', '_bisect', '_random', 'numpy.random._bounded_integers', 'numpy.random._mt19937', 'numpy.random._philox', 'numpy.random._pcg64', 'numpy.random._sfc64', 'numpy.random._generator', 'numpy.ctypeslib', 'numpy.ma', 'numpy.ma.core', 'numpy.ma.extras', 'numpy.testing', 'unittest', 'unittest.result', 'unittest.util', 'unittest.case', 'difflib', 'pprint', 'unittest.suite', 'unittest.loader', 'unittest.main', 'argparse', 'copy', 'gettext', 'locale', 'unittest.runner', 'unittest.signals', 'numpy.testing._private', 'numpy.testing._private.utils', 'gc', 'tempfile', 'numpy.testing._private.decorators', 'numpy.testing._private.nosetester', 'interface', 'interface.interface', 'method', 'method.calibration', 'cv2', 'cv2.Error', 'cv2.cuda', 'cv2.detail', 'cv2.dnn', 'cv2.fisheye', 'cv2.flann', 'cv2.gapi', 'cv2.gapi.core', 'cv2.gapi.core.cpu', 'cv2.gapi.core.fluid', 'cv2.gapi.core.ocl', 'cv2.gapi.ie', 'cv2.gapi.ie.detail', 'cv2.gapi.onnx', 'cv2.gapi.own', 'cv2.gapi.own.detail', 'cv2.gapi.render', 'cv2.gapi.render.ocv', 'cv2.gapi.streaming', 'cv2.gapi.video', 'cv2.gapi.wip', 'cv2.gapi.wip.draw', 'cv2.ipp', 'cv2.ml', 'cv2.ocl', 'cv2.ogl', 'cv2.parallel', 'cv2.samples', 'cv2.segmentation', 'cv2.utils', 'cv2.utils.fs', 'cv2.videoio_registry', 'cv2.cv2', 'cv2.data', 'cv2.version', 'method.imageProcessing', 'method.imgToVid', 'method.opticalFlow', 'method.moveObj', 'method.findMaxFeatureNum', 'method.findFeatureInfo', 'method.plot', 'matplotlib', 'distutils', 'distutils.version', 'inspect', 'dis', 'opcode', '_opcode', 'matplotlib.cbook', 'gzip', 'shlex', 'matplotlib.cbook.deprecation', 'matplotlib.rcsetup', 'matplotlib.animation', 'uuid', 'ctypes.util', 'matplotlib._animation_data', 'matplotlib.fontconfig_pattern', 'pyparsing', 'matplotlib.colors', 'matplotlib.docstring', 'matplotlib._color_data', 'cycler', '__future__', 'six', 'six.moves', 'matplotlib._version', 'json', 'json.decoder', 'json.scanner', '_json', 'json.encoder', 'matplotlib.ft2font', 'dateutil', 'dateutil._version', 'kiwisolver']
[D 20220120 16:23:30 __init__:241] CACHEDIR=C:\Users\winghingYau\.matplotlib
[D 20220120 16:23:30 font_manager:1436] Using fontManager instance from C:\Users\winghingYau\.matplotlib\fontlist-v330.json
[D 20220120 16:23:30 pyplot:290] Loaded backend tkagg version unknown.
[D 20220120 16:23:30 pyplot:290] Loaded backend TkAgg version unknown.
[I 20220120 16:23:31 initialization:13] folder is deleted: ./cali-board-0
[I 20220120 16:23:32 initialization:19] folder is deleted: ./cali-board-1
[I 20220120 16:23:32 initialization:22] folder does not exit: ./graph
[I 20220120 16:23:32 initialization:34] folder does not exit: ./temp_img_0
[I 20220120 16:23:32 initialization:40] folder does not exit: ./temp_img_1
[I 20220120 16:23:32 initialization:46] folder does not exit: ./video
[I 20220120 16:23:32 initialization:52] folder does not exit: ./feature_point_0
[I 20220120 16:23:32 initialization:58] folder does not exit: ./feature_point_1
[I 20220120 16:23:32 initialization:64] folder does not exit: ./dbscan_output
[I 20220120 16:24:04 interface:39] mkdir ./cali-board-0
[I 20220120 16:24:04 interface:45] mkdir ./cali-board-1
[I 20220120 16:24:04 calibration:9] C:/Users/winghingYau/Documents/folder_rqq/local_project/TIRI_/sourceImg/CBtest
[I 20220120 16:24:04 calibration:9] C:/Users/winghingYau/Documents/folder_rqq/local_project/TIRI_/sourceImg/CBtest
[I 20220120 16:24:04 calibration:34] C:/Users/winghingYau/Documents/folder_rqq/local_project/TIRI_/sourceImg/CBtest\20210727141637332C_0.bmp
[I 20220120 16:24:04 calibration:34] C:/Users/winghingYau/Documents/folder_rqq/local_project/TIRI_/sourceImg/CBtest\20210727141637332C_1.bmp
[I 20220120 16:24:04 calibration:63] imwrite: ./cali-board-0/output0_0.jpg
[I 20220120 16:24:04 calibration:63] imwrite: ./cali-board-1/ouput0_1.jpg
[I 20220120 16:24:04 calibration:34] C:/Users/winghingYau/Documents/folder_rqq/local_project/TIRI_/sourceImg/CBtest\20210727141637412C_0.bmp
[I 20220120 16:24:04 calibration:34] C:/Users/winghingYau/Documents/folder_rqq/local_project/TIRI_/sourceImg/CBtest\20210727141637412C_1.bmp
[I 20220120 16:24:04 calibration:63] imwrite: ./cali-board-0/output1_0.jpg
[I 20220120 16:24:04 calibration:63] imwrite: ./cali-board-1/ouput1_1.jpg
[I 20220120 16:24:04 calibration:34] C:/Users/winghingYau/Documents/folder_rqq/local_project/TIRI_/sourceImg/CBtest\20210727141637432C_0.bmp
[I 20220120 16:24:04 calibration:34] C:/Users/winghingYau/Documents/folder_rqq/local_project/TIRI_/sourceImg/CBtest\20210727141637432C_1.bmp
[I 20220120 16:24:04 calibration:63] imwrite: ./cali-board-0/output2_0.jpg
[I 20220120 16:24:04 calibration:63] imwrite: ./cali-board-1/ouput2_1.jpg
[I 20220120 16:24:04 calibration:34] C:/Users/winghingYau/Documents/folder_rqq/local_project/TIRI_/sourceImg/CBtest\20210727141637472C_0.bmp
[I 20220120 16:24:04 calibration:34] C:/Users/winghingYau/Documents/folder_rqq/local_project/TIRI_/sourceImg/CBtest\20210727141637472C_1.bmp
[I 20220120 16:24:04 calibration:63] imwrite: ./cali-board-1/ouput3_1.jpg
[I 20220120 16:24:04 calibration:63] imwrite: ./cali-board-0/output3_0.jpg
[I 20220120 16:24:04 calibration:34] C:/Users/winghingYau/Documents/folder_rqq/local_project/TIRI_/sourceImg/CBtest\20210727141637492C_1.bmp
[I 20220120 16:24:04 calibration:34] C:/Users/winghingYau/Documents/folder_rqq/local_project/TIRI_/sourceImg/CBtest\20210727141637492C_0.bmp
[I 20220120 16:24:04 calibration:63] imwrite: ./cali-board-0/output4_0.jpg
[I 20220120 16:24:04 calibration:63] imwrite: ./cali-board-1/ouput4_1.jpg
[I 20220120 16:24:04 calibration:34] C:/Users/winghingYau/Documents/folder_rqq/local_project/TIRI_/sourceImg/CBtest\20210727141637532C_0.bmp
[I 20220120 16:24:04 calibration:34] C:/Users/winghingYau/Documents/folder_rqq/local_project/TIRI_/sourceImg/CBtest\20210727141637532C_1.bmp
[I 20220120 16:24:04 calibration:63] imwrite: ./cali-board-0/output5_0.jpg
[I 20220120 16:24:04 calibration:63] imwrite: ./cali-board-1/ouput5_1.jpg
[I 20220120 16:24:04 calibration:34] C:/Users/winghingYau/Documents/folder_rqq/local_project/TIRI_/sourceImg/CBtest\20210727141637552C_0.bmp
[I 20220120 16:24:04 calibration:34] C:/Users/winghingYau/Documents/folder_rqq/local_project/TIRI_/sourceImg/CBtest\20210727141637552C_1.bmp
[I 20220120 16:24:04 calibration:63] imwrite: ./cali-board-0/output6_0.jpg
[I 20220120 16:24:04 calibration:63] imwrite: ./cali-board-1/ouput6_1.jpg
[I 20220120 16:24:04 calibration:34] C:/Users/winghingYau/Documents/folder_rqq/local_project/TIRI_/sourceImg/CBtest\20210727141637592C_1.bmp
[I 20220120 16:24:04 calibration:34] C:/Users/winghingYau/Documents/folder_rqq/local_project/TIRI_/sourceImg/CBtest\20210727141637592C_0.bmp
[I 20220120 16:24:04 calibration:63] imwrite: ./cali-board-0/output7_0.jpg
[I 20220120 16:24:04 calibration:63] imwrite: ./cali-board-1/ouput7_1.jpg
[I 20220120 16:24:04 calibration:34] C:/Users/winghingYau/Documents/folder_rqq/local_project/TIRI_/sourceImg/CBtest\20210727141637612C_1.bmp
[I 20220120 16:24:04 calibration:34] C:/Users/winghingYau/Documents/folder_rqq/local_project/TIRI_/sourceImg/CBtest\20210727141637612C_0.bmp
[I 20220120 16:24:04 calibration:63] imwrite: ./cali-board-0/output8_0.jpg
[I 20220120 16:24:04 calibration:63] imwrite: ./cali-board-1/ouput8_1.jpg
[I 20220120 16:24:04 calibration:34] C:/Users/winghingYau/Documents/folder_rqq/local_project/TIRI_/sourceImg/CBtest\20210727141637652C_1.bmp
[I 20220120 16:24:04 calibration:34] C:/Users/winghingYau/Documents/folder_rqq/local_project/TIRI_/sourceImg/CBtest\20210727141637652C_0.bmp
[I 20220120 16:24:04 calibration:63] imwrite: ./cali-board-1/ouput9_1.jpg
[I 20220120 16:24:04 calibration:63] imwrite: ./cali-board-0/output9_0.jpg
[I 20220120 16:24:04 calibration:34] C:/Users/winghingYau/Documents/folder_rqq/local_project/TIRI_/sourceImg/CBtest\20210727141637692C_1.bmp
[I 20220120 16:24:04 calibration:34] C:/Users/winghingYau/Documents/folder_rqq/local_project/TIRI_/sourceImg/CBtest\20210727141637692C_0.bmp
[I 20220120 16:24:04 calibration:63] imwrite: ./cali-board-1/ouput10_1.jpg
[I 20220120 16:24:04 calibration:63] imwrite: ./cali-board-0/output10_0.jpg
[I 20220120 16:24:04 calibration:34] C:/Users/winghingYau/Documents/folder_rqq/local_project/TIRI_/sourceImg/CBtest\20210727141637712C_1.bmp
[I 20220120 16:24:04 calibration:34] C:/Users/winghingYau/Documents/folder_rqq/local_project/TIRI_/sourceImg/CBtest\20210727141637712C_0.bmp
[I 20220120 16:24:04 calibration:63] imwrite: ./cali-board-0/output11_0.jpg
[I 20220120 16:24:04 calibration:63] imwrite: ./cali-board-1/ouput11_1.jpg
[I 20220120 16:24:04 calibration:34] C:/Users/winghingYau/Documents/folder_rqq/local_project/TIRI_/sourceImg/CBtest\20210727141640232C_0.bmp
[I 20220120 16:24:04 calibration:34] C:/Users/winghingYau/Documents/folder_rqq/local_project/TIRI_/sourceImg/CBtest\20210727141640232C_1.bmp
[I 20220120 16:24:04 calibration:63] imwrite: ./cali-board-0/output12_0.jpg
[I 20220120 16:24:04 calibration:63] imwrite: ./cali-board-1/ouput12_1.jpg
[I 20220120 16:24:04 calibration:34] C:/Users/winghingYau/Documents/folder_rqq/local_project/TIRI_/sourceImg/CBtest\20210727141640272C_1.bmp
[I 20220120 16:24:04 calibration:34] C:/Users/winghingYau/Documents/folder_rqq/local_project/TIRI_/sourceImg/CBtest\20210727141640272C_0.bmp
[I 20220120 16:24:04 calibration:63] imwrite: ./cali-board-1/ouput13_1.jpg
[I 20220120 16:24:04 calibration:63] imwrite: ./cali-board-0/output13_0.jpg
[I 20220120 16:24:04 calibration:34] C:/Users/winghingYau/Documents/folder_rqq/local_project/TIRI_/sourceImg/CBtest\20210727141640292C_1.bmp
[I 20220120 16:24:04 calibration:34] C:/Users/winghingYau/Documents/folder_rqq/local_project/TIRI_/sourceImg/CBtest\20210727141640292C_0.bmp
[I 20220120 16:24:04 calibration:63] imwrite: ./cali-board-1/ouput14_1.jpg
[I 20220120 16:24:04 calibration:63] imwrite: ./cali-board-0/output14_0.jpg
[I 20220120 16:24:04 calibration:34] C:/Users/winghingYau/Documents/folder_rqq/local_project/TIRI_/sourceImg/CBtest\20210727141640332C_1.bmp
[I 20220120 16:24:04 calibration:34] C:/Users/winghingYau/Documents/folder_rqq/local_project/TIRI_/sourceImg/CBtest\20210727141640332C_0.bmp
[I 20220120 16:24:04 calibration:63] imwrite: ./cali-board-1/ouput15_1.jpg
[I 20220120 16:24:04 calibration:63] imwrite: ./cali-board-0/output15_0.jpg
[I 20220120 16:24:05 calibration:34] C:/Users/winghingYau/Documents/folder_rqq/local_project/TIRI_/sourceImg/CBtest\20210727141640372C_1.bmp
[I 20220120 16:24:05 calibration:34] C:/Users/winghingYau/Documents/folder_rqq/local_project/TIRI_/sourceImg/CBtest\20210727141640372C_0.bmp
[I 20220120 16:24:05 calibration:63] imwrite: ./cali-board-1/ouput16_1.jpg
[I 20220120 16:24:05 calibration:63] imwrite: ./cali-board-0/output16_0.jpg
[I 20220120 16:24:05 calibration:34] C:/Users/winghingYau/Documents/folder_rqq/local_project/TIRI_/sourceImg/CBtest\20210727141640412C_1.bmp
[I 20220120 16:24:05 calibration:34] C:/Users/winghingYau/Documents/folder_rqq/local_project/TIRI_/sourceImg/CBtest\20210727141640412C_0.bmp
[I 20220120 16:24:05 calibration:63] imwrite: ./cali-board-1/ouput17_1.jpg
[I 20220120 16:24:05 calibration:63] imwrite: ./cali-board-0/output17_0.jpg
[I 20220120 16:24:05 calibration:34] C:/Users/winghingYau/Documents/folder_rqq/local_project/TIRI_/sourceImg/CBtest\20210727141640432C_1.bmp
[I 20220120 16:24:05 calibration:34] C:/Users/winghingYau/Documents/folder_rqq/local_project/TIRI_/sourceImg/CBtest\20210727141640432C_0.bmp
[I 20220120 16:24:05 calibration:63] imwrite: ./cali-board-1/ouput18_1.jpg
[I 20220120 16:24:05 calibration:63] imwrite: ./cali-board-0/output18_0.jpg
[I 20220120 16:24:05 calibration:34] C:/Users/winghingYau/Documents/folder_rqq/local_project/TIRI_/sourceImg/CBtest\20210727141640472C_1.bmp
[I 20220120 16:24:05 calibration:34] C:/Users/winghingYau/Documents/folder_rqq/local_project/TIRI_/sourceImg/CBtest\20210727141640472C_0.bmp
[I 20220120 16:24:05 calibration:63] imwrite: ./cali-board-1/ouput19_1.jpg
[I 20220120 16:24:05 calibration:63] imwrite: ./cali-board-0/output19_0.jpg
[I 20220120 16:24:05 calibration:34] C:/Users/winghingYau/Documents/folder_rqq/local_project/TIRI_/sourceImg/CBtest\20210727141640512C_0.bmp
[I 20220120 16:24:05 calibration:34] C:/Users/winghingYau/Documents/folder_rqq/local_project/TIRI_/sourceImg/CBtest\20210727141640512C_1.bmp
[I 20220120 16:24:05 calibration:63] imwrite: ./cali-board-0/output20_0.jpg
[I 20220120 16:24:05 calibration:63] imwrite: ./cali-board-1/ouput20_1.jpg
[I 20220120 16:24:05 calibration:34] C:/Users/winghingYau/Documents/folder_rqq/local_project/TIRI_/sourceImg/CBtest\20210727141640552C_0.bmp
[I 20220120 16:24:05 calibration:34] C:/Users/winghingYau/Documents/folder_rqq/local_project/TIRI_/sourceImg/CBtest\20210727141640552C_1.bmp
[I 20220120 16:24:05 calibration:63] imwrite: ./cali-board-1/ouput21_1.jpg
[I 20220120 16:24:05 calibration:63] imwrite: ./cali-board-0/output21_0.jpg
[I 20220120 16:24:05 calibration:34] C:/Users/winghingYau/Documents/folder_rqq/local_project/TIRI_/sourceImg/CBtest\20210727141640572C_1.bmp
[I 20220120 16:24:05 calibration:34] C:/Users/winghingYau/Documents/folder_rqq/local_project/TIRI_/sourceImg/CBtest\20210727141640572C_0.bmp
[I 20220120 16:24:05 calibration:63] imwrite: ./cali-board-1/ouput22_1.jpg
[I 20220120 16:24:05 calibration:63] imwrite: ./cali-board-0/output22_0.jpg
[I 20220120 16:24:05 calibration:34] C:/Users/winghingYau/Documents/folder_rqq/local_project/TIRI_/sourceImg/CBtest\20210727141640612C_0.bmp
[I 20220120 16:24:05 calibration:63] imwrite: ./cali-board-0/output23_0.jpg
[I 20220120 16:24:05 calibration:34] C:/Users/winghingYau/Documents/folder_rqq/local_project/TIRI_/sourceImg/CBtest\20210727141640612C_1.bmp
[I 20220120 16:24:05 calibration:34] C:/Users/winghingYau/Documents/folder_rqq/local_project/TIRI_/sourceImg/CBtest\20210727141640632C_0.bmp
[I 20220120 16:24:05 calibration:63] imwrite: ./cali-board-1/ouput23_1.jpg
[I 20220120 16:24:05 calibration:63] imwrite: ./cali-board-0/output24_0.jpg
[I 20220120 16:24:05 calibration:34] C:/Users/winghingYau/Documents/folder_rqq/local_project/TIRI_/sourceImg/CBtest\20210727141640632C_1.bmp
[I 20220120 16:24:05 calibration:34] C:/Users/winghingYau/Documents/folder_rqq/local_project/TIRI_/sourceImg/CBtest\20210727141645211C_0.bmp
[I 20220120 16:24:05 calibration:63] imwrite: ./cali-board-1/ouput24_1.jpg
[I 20220120 16:24:05 calibration:63] imwrite: ./cali-board-0/output25_0.jpg
[I 20220120 16:24:05 calibration:34] C:/Users/winghingYau/Documents/folder_rqq/local_project/TIRI_/sourceImg/CBtest\20210727141645211C_1.bmp
[I 20220120 16:24:05 calibration:63] imwrite: ./cali-board-1/ouput25_1.jpg
[I 20220120 16:24:08 calibration:79] Camera matrix : [[8.55984390e+03 0.00000000e+00 4.43931055e+02]
 [0.00000000e+00 8.06502050e+03 6.27518149e+02]
 [0.00000000e+00 0.00000000e+00 1.00000000e+00]]
[I 20220120 16:24:08 calibration:80] dist : [[ 8.45966202e-01 -1.76711672e+03  1.46767829e-02  7.49679775e-02
  -3.99795855e+00]]
[I 20220120 16:24:08 calibration:81] rvecs : [array([[0.54931781],
       [0.52674213],
       [1.5078938 ]]), array([[0.54936731],
       [0.52686146],
       [1.50793456]]), array([[0.54916693],
       [0.52675231],
       [1.50795323]]), array([[0.5491942 ],
       [0.52672694],
       [1.50792037]]), array([[0.54920762],
       [0.52662097],
       [1.50793717]]), array([[0.54910296],
       [0.52667581],
       [1.50798271]]), array([[0.54925365],
       [0.52673605],
       [1.50789851]]), array([[0.54922823],
       [0.52681368],
       [1.50792578]]), array([[0.54935243],
       [0.52675526],
       [1.50791298]]), array([[0.54930556],
       [0.52682268],
       [1.50788045]]), array([[0.54919242],
       [0.52679903],
       [1.50793264]]), array([[0.54931377],
       [0.52680682],
       [1.50792211]]), array([[0.54921523],
       [0.52673005],
       [1.50791647]]), array([[0.54926191],
       [0.52672232],
       [1.50793347]]), array([[0.54924521],
       [0.52677562],
       [1.50790948]]), array([[0.54921398],
       [0.52675391],
       [1.50792551]]), array([[0.54928966],
       [0.52673864],
       [1.50793949]]), array([[0.5492708 ],
       [0.52672521],
       [1.50793582]]), array([[0.54921915],
       [0.52677021],
       [1.50793787]]), array([[0.54920154],
       [0.52683047],
       [1.50790433]]), array([[0.54918232],
       [0.5268626 ],
       [1.50795089]]), array([[0.54922015],
       [0.52674103],
       [1.50789594]]), array([[0.54933512],
       [0.52676825],
       [1.50787914]]), array([[0.54931155],
       [0.52675996],
       [1.50789056]]), array([[0.54923738],
       [0.52678339],
       [1.50793855]]), array([[-0.38832611],
       [ 0.39885283],
       [-1.52887796]])]
[I 20220120 16:24:08 calibration:82] tvecs : [array([[  5.34741589],
       [ -2.2236329 ],
       [126.65124115]]), array([[  5.34752571],
       [ -2.22276521],
       [126.65355318]]), array([[  5.34800533],
       [ -2.22342182],
       [126.66013272]]), array([[  5.34805802],
       [ -2.22350383],
       [126.66043782]]), array([[  5.34817907],
       [ -2.22316332],
       [126.66817306]]), array([[  5.34843932],
       [ -2.22279959],
       [126.66711539]]), array([[  5.34786161],
       [ -2.2233365 ],
       [126.65986589]]), array([[  5.34782701],
       [ -2.22343369],
       [126.65669641]]), array([[  5.34753035],
       [ -2.22332221],
       [126.65278613]]), array([[  5.34741042],
       [ -2.22313989],
       [126.65082948]]), array([[  5.34792694],
       [ -2.22320418],
       [126.65812223]]), array([[  5.34739524],
       [ -2.22324447],
       [126.64937012]]), array([[  5.34788348],
       [ -2.22322249],
       [126.6585293 ]]), array([[  5.34789047],
       [ -2.22326477],
       [126.66140772]]), array([[  5.34780071],
       [ -2.22344734],
       [126.65238002]]), array([[  5.34795495],
       [ -2.22300565],
       [126.65846472]]), array([[  5.34777526],
       [ -2.22303887],
       [126.6563214 ]]), array([[  5.34781812],
       [ -2.2235262 ],
       [126.6551055 ]]), array([[  5.34791673],
       [ -2.223512  ],
       [126.65782732]]), array([[  5.34782378],
       [ -2.22308225],
       [126.65668951]]), array([[  5.34793068],
       [ -2.22300044],
       [126.65640439]]), array([[  5.34784455],
       [ -2.22359202],
       [126.65815717]]), array([[  5.34736438],
       [ -2.22358164],
       [126.64890189]]), array([[  5.34745059],
       [ -2.22316049],
       [126.65446345]]), array([[  5.34772133],
       [ -2.22318201],
       [126.65546008]]), array([[ -0.42097348],
       [  2.83136616],
       [130.50808123]])]
[I 20220120 16:24:08 txtInsert:11] path has already exited ./log-camera-calibration-setting
[I 20220120 16:24:08 calibration:79] Camera matrix : [[6.23324935e+03 0.00000000e+00 5.70556827e+02]
 [0.00000000e+00 6.07321134e+03 6.61036381e+02]
 [0.00000000e+00 0.00000000e+00 1.00000000e+00]]
[I 20220120 16:24:08 calibration:80] dist : [[-7.88524970e+00  1.45748939e+03 -5.04659576e-03  1.92898950e-02
   2.54692355e-01]]
[I 20220120 16:24:08 calibration:81] rvecs : [array([[ 0.22602053],
       [-0.21065545],
       [-1.53420233]]), array([[ 0.22600317],
       [-0.21071093],
       [-1.53425609]]), array([[ 0.22599441],
       [-0.21064081],
       [-1.53422934]]), array([[ 0.22607798],
       [-0.21043526],
       [-1.53421069]]), array([[ 0.22610233],
       [-0.21038084],
       [-1.53419251]]), array([[ 0.22615721],
       [-0.21043142],
       [-1.5342145 ]]), array([[ 0.22618852],
       [-0.21043758],
       [-1.53425537]]), array([[ 0.22607341],
       [-0.21065337],
       [-1.5342285 ]]), array([[ 0.22612619],
       [-0.21052061],
       [-1.53421277]]), array([[ 0.22627172],
       [-0.21071957],
       [-1.53420567]]), array([[ 0.22599322],
       [-0.21038927],
       [-1.53421818]]), array([[ 0.22600178],
       [-0.21059386],
       [-1.53422149]]), array([[ 0.22592537],
       [-0.21053467],
       [-1.53424402]]), array([[ 0.22579254],
       [-0.21039611],
       [-1.53425084]]), array([[ 0.22579756],
       [-0.21058576],
       [-1.53427344]]), array([[ 0.22590959],
       [-0.21013589],
       [-1.53425999]]), array([[ 0.22603463],
       [-0.2103133 ],
       [-1.53422729]]), array([[ 0.22582514],
       [-0.21043489],
       [-1.53423392]]), array([[ 0.22577661],
       [-0.21044524],
       [-1.5342294 ]]), array([[ 0.22593312],
       [-0.21049422],
       [-1.53426571]]), array([[ 0.22606576],
       [-0.21017496],
       [-1.53427809]]), array([[ 0.22584716],
       [-0.21034096],
       [-1.53425646]]), array([[ 0.22624585],
       [-0.21046694],
       [-1.53422464]]), array([[ 0.22602486],
       [-0.21044795],
       [-1.53422044]]), array([[ 0.22627211],
       [-0.21028167],
       [-1.53420921]]), array([[ 0.36516667],
       [-0.3454015 ],
       [-1.51602091]])]
[I 20220120 16:24:08 calibration:82] tvecs : [array([[-5.39941681],
       [ 2.34748539],
       [95.28468454]]), array([[-5.39940121],
       [ 2.34843466],
       [95.28474676]]), array([[-5.39957608],
       [ 2.34761187],
       [95.28677947]]), array([[-5.3996804 ],
       [ 2.34762913],
       [95.28742659]]), array([[-5.39995188],
       [ 2.34794271],
       [95.28966695]]), array([[-5.39974425],
       [ 2.34838024],
       [95.28781661]]), array([[-5.39968695],
       [ 2.34804258],
       [95.29038626]]), array([[-5.39951836],
       [ 2.34792597],
       [95.28617476]]), array([[-5.39963745],
       [ 2.34765324],
       [95.28987994]]), array([[-5.39926918],
       [ 2.34800564],
       [95.28262907]]), array([[-5.39986918],
       [ 2.34793005],
       [95.29189553]]), array([[-5.39963479],
       [ 2.34771238],
       [95.28824831]]), array([[-5.39971722],
       [ 2.34796625],
       [95.29155239]]), array([[-5.39991279],
       [ 2.34772677],
       [95.29734705]]), array([[-5.39960486],
       [ 2.34784784],
       [95.2911559 ]]), array([[-5.40001887],
       [ 2.34819647],
       [95.29305391]]), array([[-5.39991216],
       [ 2.34805831],
       [95.29306228]]), array([[-5.39986112],
       [ 2.34752752],
       [95.29114455]]), array([[-5.40002422],
       [ 2.3475697 ],
       [95.29419766]]), array([[-5.3996792 ],
       [ 2.34825308],
       [95.29046007]]), array([[-5.40012543],
       [ 2.34823884],
       [95.29168371]]), array([[-5.40003255],
       [ 2.34767397],
       [95.29478036]]), array([[-5.39960017],
       [ 2.34776031],
       [95.28634349]]), array([[-5.39990914],
       [ 2.34797516],
       [95.28579497]]), array([[-5.39985829],
       [ 2.34816193],
       [95.28377624]]), array([[-5.11821459],
       [ 2.46909857],
       [94.67047114]])]
[I 20220120 16:24:08 txtInsert:11] path has already exited ./log-camera-calibration-setting
