[D 20220209 11:15:32 __init__:241] (private) matplotlib data path: C:\Users\winghingYau\Documents\anaconda3\envs\py368\lib\site-packages\matplotlib\mpl-data
[D 20220209 11:15:32 __init__:241] matplotlib data path: C:\Users\winghingYau\Documents\anaconda3\envs\py368\lib\site-packages\matplotlib\mpl-data
[D 20220209 11:15:33 __init__:241] CONFIGDIR=C:\Users\winghingYau\.matplotlib
[D 20220209 11:15:33 __init__:1480] matplotlib version 3.3.4
[D 20220209 11:15:33 __init__:1481] interactive is False
[D 20220209 11:15:33 __init__:1482] platform is win32
[D 20220209 11:15:33 __init__:1483] loaded modules: ['builtins', 'sys', '_frozen_importlib', '_imp', '_warnings', '_thread', '_weakref', '_frozen_importlib_external', '_io', 'marshal', 'nt', 'winreg', 'zipimport', 'encodings', 'codecs', '_codecs', 'encodings.aliases', 'encodings.utf_8', '_signal', 'encodings.latin_1', 'io', 'abc', '_weakrefset', 'site', 'os', 'errno', 'stat', '_stat', 'ntpath', 'genericpath', 'os.path', '_collections_abc', '_sitebuiltins', 'sysconfig', '_bootlocale', '_locale', 'encodings.cp1252', 'types', 'functools', '_functools', 'collections', 'operator', '_operator', 'keyword', 'heapq', '_heapq', 'itertools', 'reprlib', '_collections', 'weakref', 'collections.abc', 'importlib', 'importlib._bootstrap', 'importlib._bootstrap_external', 'warnings', 'importlib.util', 'importlib.abc', 'importlib.machinery', 'contextlib', 'mpl_toolkits', 'runpy', 'pkgutil', '__main__', '__future__', 'debugpy', 'debugpy._version', 'json', 'json.decoder', 're', 'enum', 'sre_compile', '_sre', 'sre_parse', 'sre_constants', 'copyreg', 'json.scanner', '_json', 'json.encoder', 'debugpy.common', 'debugpy.common.compat', 'inspect', 'ast', '_ast', 'dis', 'opcode', '_opcode', 'linecache', 'tokenize', 'token', 'debugpy.common.fmt', 'string', '_string', 'debugpy.common.json', 'queue', 'threading', 'time', 'traceback', 'debugpy.server', 'debugpy._vendored', 'debugpy._vendored._util', 'debugpy._vendored.force_pydevd', '_pydevd_bundle', '_pydevd_bundle.pydevd_constants', 'platform', 'subprocess', 'signal', 'msvcrt', '_winapi', 'struct', '_struct', 'encodings.ascii', 'encodings.idna', 'stringprep', 'unicodedata', '_pydevd_bundle.pydevd_vm_type', '_pydev_imps', '_pydev_imps._pydev_saved_modules', 'socket', '_socket', 'selectors', 'math', 'select', 'code', 'argparse', 'copy', 'textwrap', 'gettext', 'locale', 'codeop', 'xmlrpc', 'xmlrpc.client', 'base64', 'binascii', 'datetime', '_datetime', 'decimal', 'numbers', '_decimal', 'http', 'http.client', 'email', 'email.parser', 'email.feedparser', 'email.errors', 'email._policybase', 'email.header', 'email.quoprimime', 'email.base64mime', 'email.charset', 'email.encoders', 'quopri', 'email.utils', 'random', 'hashlib', '_hashlib', '_blake2', '_sha3', 'bisect', '_bisect', '_random', 'urllib', 'urllib.parse', 'email._parseaddr', 'calendar', 'email.message', 'uu', 'email._encoded_words', 'email.iterators', 'ssl', 'ipaddress', '_ssl', 'xml', 'xml.parsers', 'xml.parsers.expat', 'pyexpat.errors', 'pyexpat.model', 'pyexpat', 'xml.parsers.expat.model', 'xml.parsers.expat.errors', 'gzip', 'zlib', '_compression', 'xmlrpc.server', 'http.server', 'html', 'html.entities', 'mimetypes', 'posixpath', 'shutil', 'fnmatch', 'bz2', '_bz2', 'lzma', '_lzma', 'socketserver', 'pydoc', '_pydev_bundle', '_pydev_runfiles', '_pydevd_frame_eval', 'pydev_ipython', 'pydevd_concurrency_analyser', 'pydevd_plugins', 'pkg_resources', 'zipfile', 'plistlib', 'tempfile', 'pkg_resources.extern', 'pkg_resources._vendor', 'pkg_resources._vendor.appdirs', 'ctypes', '_ctypes', 'ctypes._endian', 'pkg_resources.extern.appdirs', 'pkg_resources._vendor.packaging', 'pkg_resources._vendor.packaging.__about__', 'pkg_resources.extern.packaging', 'pkg_resources.extern.packaging.version', 'pkg_resources.extern.packaging._structures', 'pkg_resources.extern.packaging._typing', 'pkg_resources.extern.packaging.specifiers', 'pkg_resources.extern.packaging._compat', 'pkg_resources.extern.packaging.utils', 'pkg_resources.extern.packaging.requirements', 'pkg_resources._vendor.pyparsing', 'pprint', 'pkg_resources.extern.pyparsing', 'pkg_resources.extern.packaging.markers', 'pydevd', 'atexit', 'getpass', 'pydevd_file_utils', '_pydev_bundle.pydev_log', '_pydev_bundle._pydev_filesystem_encoding', '_pydevd_bundle.pydevd_comm_constants', 'ctypes.wintypes', '_pydev_bundle.pydev_imports', '_pydev_imps._pydev_execfile', '_pydevd_bundle.pydevd_exec2', '_pydev_bundle.pydev_is_thread_alive', '_pydev_bundle.pydev_override', '_pydevd_bundle.pydevd_extension_utils', 'pydevd_plugins.extensions', '_pydevd_bundle.pydevd_frame_utils', '_pydevd_bundle.pydevd_filtering', 'glob', '_pydevd_bundle.pydevd_io', '_pydevd_bundle.pydevd_utils', '_pydev_bundle.pydev_console_utils', '_pydev_bundle._pydev_calltip_util', '_pydev_bundle._pydev_imports_tipper', '_pydev_bundle._pydev_tipper_common', '_pydevd_bundle.pydevd_vars', 'pickle', '_compat_pickle', '_pickle', '_pydevd_bundle.pydevd_xml', '_pydevd_bundle.pydevd_resolver', '_pydevd_bundle.pydevd_safe_repr', '_pydevd_bundle.pydevd_extension_api', '_pydevd_bundle.pydevd_thread_lifecycle', '_pydevd_bundle.pydevd_additional_thread_info', '_pydevd_bundle.pydevd_additional_thread_info_regular', '_pydevd_bundle.pydevd_frame', '_pydevd_bundle.pydevd_dont_trace', '_pydevd_bundle.pydevd_bytecode_utils', '_pydevd_frame_eval.vendored', '_pydevd_frame_eval.vendored.bytecode', '_pydevd_frame_eval.vendored.bytecode.flags', '_pydevd_frame_eval.vendored.bytecode.instr', '_pydevd_frame_eval.vendored.bytecode.bytecode', '_pydevd_frame_eval.vendored.bytecode.concrete', '_pydevd_frame_eval.vendored.bytecode.cfg', '_pydevd_bundle.pydevd_save_locals', '_pydevd_bundle.pydevd_timeout', '_pydevd_bundle.pydevd_daemon_thread', 'pydevd_tracing', '_pydev_bundle.pydev_monkey', '_pydevd_bundle.pydevd_defaults', 'pathlib', '_pydevd_bundle.pydevd_breakpoints', '_pydevd_bundle.pydevd_import_class', '_pydevd_bundle.pydevd_custom_frames', '_pydevd_bundle.pydevd_dont_trace_files', '_pydevd_bundle.pydevd_net_command_factory_xml', '_pydevd_bundle.pydevd_net_command', '_pydev_bundle._pydev_completer', 'pydevconsole', '_pydev_bundle.pydev_umd', '_pydevd_bundle.pydevd_trace_dispatch', '_pydevd_bundle.pydevd_trace_dispatch_regular', '_pydevd_frame_eval.pydevd_frame_eval_main', '_pydevd_bundle.pydevd_source_mapping', 'pydevd_concurrency_analyser.pydevd_concurrency_logger', 'pydevd_concurrency_analyser.pydevd_thread_wrappers', '_pydevd_bundle.pydevd_comm', '_pydevd_bundle._debug_adapter', '_pydevd_bundle._debug_adapter.pydevd_schema', '_pydevd_bundle._debug_adapter.pydevd_base_schema', '_pydevd_bundle._debug_adapter.pydevd_schema_log', '_pydevd_bundle.pydevd_reload', '_pydev_bundle.fsnotify', '_pydevd_bundle.pydevd_console', '_pydevd_bundle.pydevd_process_net_command_json', '_pydevd_bundle.pydevd_api', '_pydevd_bundle.pydevd_net_command_factory_json', '_pydevd_bundle.pydevd_collect_bytecode_info', '_pydevd_bundle.pydevd_json_debug_options', '_pydevd_bundle.pydevd_process_net_command', '_pydevd_bundle.pydevd_traceproperty', '_pydevd_bundle.pydevd_suspended_frames', '_pydevd_bundle.pydevd_plugin_utils', '_pydevd_bundle.pydevd_trace_api', 'pydevd_plugins.django_debug', 'pydevd_plugins.jinja2_debug', 'pydevd_plugins.extensions.types', 'pydevd_plugins.extensions.types.pydevd_plugin_numpy_types', 'pydevd_plugins.extensions.types.pydevd_helpers', 'pydevd_plugins.extensions.types.pydevd_plugins_django_form_str', 'debugpy.server.cli', 'debugpy.common.log', 'debugpy.common.timestamp', 'debugpy.common.util', 'debugpy.server.api', 'debugpy.adapter', 'debugpy.common.sockets', 'pydev_ipython.matplotlibtools', 'pydev_ipython.inputhook', 'logging', 'ui', 'ui.home', 'tkinter', '_tkinter', 'tkinter.constants', 'tkinter.filedialog', 'tkinter.dialog', 'tkinter.commondialog', 'numpy', 'numpy._globals', 'numpy.__config__', 'numpy.version', 'numpy._distributor_init', 'numpy.core', 'numpy.core.multiarray', 'numpy.core.overrides', 'numpy.core._multiarray_umath', 'numpy.compat', 'numpy.compat._inspect', 'numpy.compat.py3k', 'numpy.core.umath', 'numpy.core.numerictypes', 'numpy.core._string_helpers', 'numpy.core._type_aliases', 'numpy.core._dtype', 'numpy.core.numeric', 'numpy.core.shape_base', 'numpy.core._asarray', 'numpy.core.fromnumeric', 'numpy.core._methods', 'numpy.core._exceptions', 'numpy.core._ufunc_config', 'numpy.core.arrayprint', 'numpy.core.defchararray', 'numpy.core.records', 'numpy.core.memmap', 'numpy.core.function_base', 'numpy.core.machar', 'numpy.core.getlimits', 'numpy.core.einsumfunc', 'numpy.core._add_newdocs', 'numpy.core._multiarray_tests', 'numpy.core._dtype_ctypes', 'numpy.core._internal', 'numpy._pytesttester', 'numpy.lib', 'numpy.lib.mixins', 'numpy.lib.scimath', 'numpy.lib.type_check', 'numpy.lib.ufunclike', 'numpy.lib.index_tricks', 'numpy.matrixlib', 'numpy.matrixlib.defmatrix', 'numpy.linalg', 'numpy.linalg.linalg', 'numpy.lib.twodim_base', 'numpy.linalg.lapack_lite', 'numpy.linalg._umath_linalg', 'numpy.lib.function_base', 'numpy.lib.histograms', 'numpy.lib.stride_tricks', 'numpy.lib.nanfunctions', 'numpy.lib.shape_base', 'numpy.lib.polynomial', 'numpy.lib.utils', 'numpy.lib.arraysetops', 'numpy.lib.npyio', 'numpy.lib.format', 'numpy.lib._datasource', 'numpy.lib._iotools', 'numpy.lib.financial', 'numpy.lib.arrayterator', 'numpy.lib.arraypad', 'numpy.lib._version', 'numpy.fft', 'numpy.fft._pocketfft', 'numpy.fft._pocketfft_internal', 'numpy.fft.helper', 'numpy.polynomial', 'numpy.polynomial.polynomial', 'numpy.polynomial.polyutils', 'numpy.polynomial._polybase', 'numpy.polynomial.chebyshev', 'numpy.polynomial.legendre', 'numpy.polynomial.hermite', 'numpy.polynomial.hermite_e', 'numpy.polynomial.laguerre', 'numpy.random', 'numpy.random._pickle', 'numpy.random.mtrand', 'cython_runtime', 'numpy.random.bit_generator', '_cython_0_29_21', 'numpy.random._common', 'secrets', 'hmac', 'numpy.random._bounded_integers', 'numpy.random._mt19937', 'numpy.random._philox', 'numpy.random._pcg64', 'numpy.random._sfc64', 'numpy.random._generator', 'numpy.ctypeslib', 'numpy.ma', 'numpy.ma.core', 'numpy.ma.extras', 'numpy.testing', 'unittest', 'unittest.result', 'unittest.util', 'unittest.case', 'difflib', 'unittest.suite', 'unittest.loader', 'unittest.main', 'unittest.runner', 'unittest.signals', 'numpy.testing._private', 'numpy.testing._private.utils', 'gc', 'numpy.testing._private.decorators', 'numpy.testing._private.nosetester', 'interface', 'interface.interface', 'method', 'method.calibration', 'cv2', 'cv2.Error', 'cv2.cuda', 'cv2.detail', 'cv2.dnn', 'cv2.fisheye', 'cv2.flann', 'cv2.gapi', 'cv2.gapi.core', 'cv2.gapi.core.cpu', 'cv2.gapi.core.fluid', 'cv2.gapi.core.ocl', 'cv2.gapi.ie', 'cv2.gapi.ie.detail', 'cv2.gapi.onnx', 'cv2.gapi.own', 'cv2.gapi.own.detail', 'cv2.gapi.render', 'cv2.gapi.render.ocv', 'cv2.gapi.streaming', 'cv2.gapi.video', 'cv2.gapi.wip', 'cv2.gapi.wip.draw', 'cv2.ipp', 'cv2.ml', 'cv2.ocl', 'cv2.ogl', 'cv2.parallel', 'cv2.samples', 'cv2.segmentation', 'cv2.utils', 'cv2.utils.fs', 'cv2.videoio_registry', 'cv2.cv2', 'cv2.data', 'cv2.version', 'method.imageProcessing', 'method.imgToVid', 'method.opticalFlow', 'method.moveObj', 'method.findMaxFeatureNum', 'method.findFeatureInfo', 'method.plot', 'matplotlib', 'distutils', 'distutils.version', 'matplotlib.cbook', 'shlex', 'matplotlib.cbook.deprecation', 'matplotlib.rcsetup', 'matplotlib.animation', 'uuid', 'ctypes.util', 'matplotlib._animation_data', 'matplotlib.fontconfig_pattern', 'pyparsing', 'matplotlib.colors', 'matplotlib.docstring', 'matplotlib._color_data', 'cycler', 'six', 'six.moves', 'matplotlib._version', 'matplotlib.ft2font', 'dateutil', 'dateutil._version', 'kiwisolver']
[D 20220209 11:15:33 __init__:241] CACHEDIR=C:\Users\winghingYau\.matplotlib
[D 20220209 11:15:33 font_manager:1436] Using fontManager instance from C:\Users\winghingYau\.matplotlib\fontlist-v330.json
[D 20220209 11:15:33 pyplot:290] Loaded backend tkagg version unknown.
[D 20220209 11:15:33 pyplot:290] Loaded backend TkAgg version unknown.
[I 20220209 11:15:40 initialization:10] folder does not exit: ./cali-board-0
[I 20220209 11:15:40 initialization:16] folder does not exit: ./cali-board-1
[I 20220209 11:15:41 initialization:25] folder is deleted: ./graph
[I 20220209 11:15:42 initialization:37] folder is deleted: ./temp_img_0
[I 20220209 11:15:43 initialization:43] folder is deleted: ./temp_img_1
[I 20220209 11:15:43 initialization:49] folder is deleted: ./video
[I 20220209 11:15:44 initialization:55] folder is deleted: ./feature_point_0
[I 20220209 11:15:44 initialization:61] folder is deleted: ./feature_point_1
[I 20220209 11:15:44 initialization:67] folder is deleted: ./dbscan_output
[I 20220209 11:15:57 importCalibSetting:7] START
[I 20220209 11:15:58 importCalibSetting:12] DONE
[I 20220209 11:16:23 interface:76] mkdir ./temp_img_0
[I 20220209 11:16:23 interface:82] mkdir ./temp_img_1
[I 20220209 11:16:23 imageProcessing:10] START
[I 20220209 11:16:23 imageProcessing:10] START
[I 20220209 11:16:23 interface:108] mkdir ./video
[I 20220209 11:16:23 imgToVid:7] START
[E 20220209 11:16:23 imgToVid:22] local variable 'size' referenced before assignment
[I 20220209 11:16:23 imgToVid:26] START
[E 20220209 11:16:23 imgToVid:41] local variable 'size' referenced before assignment
[I 20220209 11:16:23 moveObj:6] START
[I 20220209 11:16:23 moveObj:9] END
[I 20220209 11:16:23 imageProcessing:31] /20210908100212815C_0.bmp  Starts
[I 20220209 11:16:23 imageProcessing:31] /20210908100212815C_1.bmp  Starts
[I 20220209 11:16:23 imageProcessing:31] /20210908100212835C_0.bmp  Starts
[I 20220209 11:16:23 imageProcessing:31] /20210908100212835C_1.bmp  Starts
[I 20220209 11:16:23 imageProcessing:31] /20210908100212855C_0.bmp  Starts
[I 20220209 11:16:23 imageProcessing:31] /20210908100212855C_1.bmp  Starts
[I 20220209 11:16:23 imageProcessing:31] /20210908100212875C_0.bmp  Starts
[I 20220209 11:16:23 imageProcessing:31] /20210908100212875C_1.bmp  Starts
[I 20220209 11:16:23 imageProcessing:31] /20210908100212895C_0.bmp  Starts
[I 20220209 11:16:23 imageProcessing:31] /20210908100212895C_1.bmp  Starts
[I 20220209 11:16:23 imageProcessing:31] /20210908100212915C_0.bmp  Starts
[I 20220209 11:16:23 imageProcessing:31] /20210908100212915C_1.bmp  Starts
[I 20220209 11:16:23 imageProcessing:31] /20210908100212935C_0.bmp  Starts
[I 20220209 11:16:23 imageProcessing:31] /20210908100212935C_1.bmp  Starts
[I 20220209 11:16:23 imageProcessing:31] /20210908100212955C_0.bmp  Starts
[I 20220209 11:16:23 imageProcessing:31] /20210908100212955C_1.bmp  Starts
[I 20220209 11:16:23 imageProcessing:31] /20210908100212975C_0.bmp  Starts
[I 20220209 11:16:23 imageProcessing:31] /20210908100212975C_1.bmp  Starts
[I 20220209 11:16:23 imageProcessing:31] /20210908100212995C_0.bmp  Starts
[I 20220209 11:16:23 imageProcessing:31] /20210908100212995C_1.bmp  Starts
[I 20220209 11:16:23 imageProcessing:31] /20210908100213015C_0.bmp  Starts
[I 20220209 11:16:23 imageProcessing:31] /20210908100213015C_1.bmp  Starts
[I 20220209 11:16:23 imageProcessing:31] /20210908100213035C_0.bmp  Starts
[I 20220209 11:16:23 imageProcessing:31] /20210908100213035C_1.bmp  Starts
[I 20220209 11:16:23 imageProcessing:31] /20210908100213055C_0.bmp  Starts
[I 20220209 11:16:23 imageProcessing:31] /20210908100213055C_1.bmp  Starts
[I 20220209 11:16:23 imageProcessing:31] /20210908100213075C_0.bmp  Starts
[I 20220209 11:16:23 imageProcessing:31] /20210908100213075C_1.bmp  Starts
[I 20220209 11:16:23 imageProcessing:31] /20210908100213095C_0.bmp  Starts
[I 20220209 11:16:23 imageProcessing:31] /20210908100213095C_1.bmp  Starts
[I 20220209 11:16:23 imageProcessing:31] /20210908100213115C_0.bmp  Starts
[I 20220209 11:16:23 imageProcessing:31] /20210908100213115C_1.bmp  Starts
[I 20220209 11:16:23 imageProcessing:31] /20210908100213135C_0.bmp  Starts
[I 20220209 11:16:23 imageProcessing:31] /20210908100213135C_1.bmp  Starts
[I 20220209 11:16:23 imageProcessing:31] /20210908100213155C_0.bmp  Starts
[I 20220209 11:16:23 imageProcessing:31] /20210908100213155C_1.bmp  Starts
[I 20220209 11:16:23 imageProcessing:31] /20210908100213175C_0.bmp  Starts
[I 20220209 11:16:23 imageProcessing:31] /20210908100213195C_0.bmp  Starts
[I 20220209 11:16:23 imageProcessing:31] /20210908100213175C_1.bmp  Starts
[I 20220209 11:16:23 imageProcessing:31] /20210908100213195C_1.bmp  Starts
[I 20220209 11:16:23 imageProcessing:31] /20210908100213215C_0.bmp  Starts
[I 20220209 11:16:23 imageProcessing:31] /20210908100213235C_0.bmp  Starts
[I 20220209 11:16:23 imageProcessing:31] /20210908100213215C_1.bmp  Starts
[I 20220209 11:16:23 imageProcessing:31] /20210908100213255C_0.bmp  Starts
[I 20220209 11:16:23 imageProcessing:31] /20210908100213235C_1.bmp  Starts
[I 20220209 11:16:23 imageProcessing:31] /20210908100213275C_0.bmp  Starts
[I 20220209 11:16:23 imageProcessing:31] /20210908100213255C_1.bmp  Starts
[I 20220209 11:16:23 imageProcessing:31] /20210908100213295C_0.bmp  Starts
[I 20220209 11:16:23 imageProcessing:31] /20210908100213275C_1.bmp  Starts
[I 20220209 11:16:23 imageProcessing:31] /20210908100213315C_0.bmp  Starts
[I 20220209 11:16:23 imageProcessing:31] /20210908100213295C_1.bmp  Starts
[I 20220209 11:16:23 imageProcessing:31] /20210908100213335C_0.bmp  Starts
[I 20220209 11:16:23 imageProcessing:31] /20210908100213315C_1.bmp  Starts
[I 20220209 11:16:23 imageProcessing:31] /20210908100213355C_0.bmp  Starts
[I 20220209 11:16:23 imageProcessing:31] /20210908100213335C_1.bmp  Starts
[I 20220209 11:16:23 imageProcessing:31] /20210908100213375C_0.bmp  Starts
[I 20220209 11:16:23 imageProcessing:31] /20210908100213355C_1.bmp  Starts
[I 20220209 11:16:23 imageProcessing:31] /20210908100213395C_0.bmp  Starts
[I 20220209 11:16:23 imageProcessing:31] /20210908100213375C_1.bmp  Starts
[I 20220209 11:16:23 imageProcessing:31] /20210908100213415C_0.bmp  Starts
[I 20220209 11:16:23 imageProcessing:31] /20210908100213395C_1.bmp  Starts
[I 20220209 11:16:23 imageProcessing:31] /20210908100213415C_1.bmp  Starts
[I 20220209 11:16:23 imageProcessing:31] /20210908100213435C_0.bmp  Starts
[I 20220209 11:16:23 imageProcessing:31] /20210908100213435C_1.bmp  Starts
[I 20220209 11:16:23 imageProcessing:31] /20210908100213455C_0.bmp  Starts
[I 20220209 11:16:23 imageProcessing:31] /20210908100213455C_1.bmp  Starts
[I 20220209 11:16:23 imageProcessing:31] /20210908100213475C_0.bmp  Starts
[I 20220209 11:16:23 imageProcessing:31] /20210908100213475C_1.bmp  Starts
[I 20220209 11:16:23 imageProcessing:31] /20210908100213495C_0.bmp  Starts
[I 20220209 11:16:23 imageProcessing:31] /20210908100213495C_1.bmp  Starts
[I 20220209 11:16:23 imageProcessing:31] /20210908100213515C_0.bmp  Starts
[I 20220209 11:16:23 imageProcessing:31] /20210908100213535C_0.bmp  Starts
[I 20220209 11:16:23 imageProcessing:31] /20210908100213515C_1.bmp  Starts
[I 20220209 11:16:23 imageProcessing:31] /20210908100213555C_0.bmp  Starts
[I 20220209 11:16:23 imageProcessing:31] /20210908100213535C_1.bmp  Starts
[I 20220209 11:16:23 imageProcessing:31] /20210908100213555C_1.bmp  Starts
[I 20220209 11:16:23 imageProcessing:31] /20210908100213575C_0.bmp  Starts
[I 20220209 11:16:23 imageProcessing:31] /20210908100213595C_0.bmp  Starts
[I 20220209 11:16:23 imageProcessing:31] /20210908100213575C_1.bmp  Starts
[I 20220209 11:16:23 imageProcessing:31] /20210908100213615C_0.bmp  Starts
[I 20220209 11:16:23 imageProcessing:31] /20210908100213595C_1.bmp  Starts
[I 20220209 11:16:23 imageProcessing:31] /20210908100213615C_1.bmp  Starts
[I 20220209 11:16:23 imageProcessing:31] /20210908100213635C_0.bmp  Starts
[I 20220209 11:16:23 imageProcessing:31] /20210908100213655C_0.bmp  Starts
[I 20220209 11:16:23 imageProcessing:31] /20210908100213635C_1.bmp  Starts
[I 20220209 11:16:24 imageProcessing:31] /20210908100213675C_0.bmp  Starts
[I 20220209 11:16:24 imageProcessing:31] /20210908100213655C_1.bmp  Starts
[I 20220209 11:16:24 imageProcessing:31] /20210908100213675C_1.bmp  Starts
[I 20220209 11:16:24 imageProcessing:31] /20210908100213695C_0.bmp  Starts
[I 20220209 11:16:24 imageProcessing:31] /20210908100213695C_1.bmp  Starts
[I 20220209 11:16:24 imageProcessing:31] /20210908100213715C_0.bmp  Starts
[I 20220209 11:16:24 imageProcessing:31] /20210908100213715C_1.bmp  Starts
[I 20220209 11:16:24 imageProcessing:31] /20210908100213735C_0.bmp  Starts
[I 20220209 11:16:24 imageProcessing:31] /20210908100213755C_0.bmp  Starts
[I 20220209 11:16:24 imageProcessing:31] /20210908100213735C_1.bmp  Starts
[I 20220209 11:16:24 imageProcessing:31] /20210908100213775C_0.bmp  Starts
[I 20220209 11:16:24 imageProcessing:31] /20210908100213755C_1.bmp  Starts
[I 20220209 11:16:24 imageProcessing:31] /20210908100213795C_0.bmp  Starts
[I 20220209 11:16:24 imageProcessing:31] /20210908100213775C_1.bmp  Starts
[I 20220209 11:16:24 imageProcessing:31] /20210908100213815C_0.bmp  Starts
[I 20220209 11:16:24 imageProcessing:31] /20210908100213795C_1.bmp  Starts
[I 20220209 11:16:24 imageProcessing:31] /20210908100213835C_0.bmp  Starts
[I 20220209 11:16:24 imageProcessing:31] /20210908100213815C_1.bmp  Starts
[I 20220209 11:16:24 imageProcessing:31] /20210908100213855C_0.bmp  Starts
[I 20220209 11:16:24 imageProcessing:31] /20210908100213835C_1.bmp  Starts
[I 20220209 11:16:24 imageProcessing:31] /20210908100213875C_0.bmp  Starts
[I 20220209 11:16:24 imageProcessing:31] /20210908100213855C_1.bmp  Starts
[I 20220209 11:16:24 imageProcessing:31] /20210908100213895C_0.bmp  Starts
[I 20220209 11:16:24 imageProcessing:31] /20210908100213875C_1.bmp  Starts
[I 20220209 11:16:24 imageProcessing:31] /20210908100213915C_0.bmp  Starts
[I 20220209 11:16:24 imageProcessing:31] /20210908100213895C_1.bmp  Starts
[I 20220209 11:16:24 imageProcessing:31] /20210908100213935C_0.bmp  Starts
[I 20220209 11:16:24 imageProcessing:31] /20210908100213915C_1.bmp  Starts
[I 20220209 11:16:24 imageProcessing:31] /20210908100213955C_0.bmp  Starts
[I 20220209 11:16:24 imageProcessing:31] /20210908100213935C_1.bmp  Starts
[I 20220209 11:16:24 imageProcessing:31] /20210908100213975C_0.bmp  Starts
[I 20220209 11:16:24 imageProcessing:31] /20210908100213955C_1.bmp  Starts
[I 20220209 11:16:24 imageProcessing:31] /20210908100213995C_0.bmp  Starts
[I 20220209 11:16:24 imageProcessing:31] /20210908100213975C_1.bmp  Starts
[I 20220209 11:16:24 imageProcessing:31] /20210908100214015C_0.bmp  Starts
[I 20220209 11:16:24 imageProcessing:31] /20210908100213995C_1.bmp  Starts
[I 20220209 11:16:24 imageProcessing:31] /20210908100214035C_0.bmp  Starts
[I 20220209 11:16:24 imageProcessing:31] /20210908100214015C_1.bmp  Starts
[I 20220209 11:16:24 imageProcessing:31] /20210908100214035C_1.bmp  Starts
[I 20220209 11:16:24 imageProcessing:31] /20210908100214055C_0.bmp  Starts
[I 20220209 11:16:24 imageProcessing:31] /20210908100214055C_1.bmp  Starts
[I 20220209 11:16:24 imageProcessing:31] /20210908100214075C_0.bmp  Starts
[I 20220209 11:16:24 imageProcessing:31] /20210908100214095C_0.bmp  Starts
[I 20220209 11:16:24 imageProcessing:31] /20210908100214075C_1.bmp  Starts
[I 20220209 11:16:24 imageProcessing:31] /20210908100214095C_1.bmp  Starts
[I 20220209 11:16:24 imageProcessing:31] /20210908100214115C_0.bmp  Starts
[I 20220209 11:16:24 imageProcessing:31] /20210908100214135C_0.bmp  Starts
[I 20220209 11:16:24 imageProcessing:31] /20210908100214115C_1.bmp  Starts
[I 20220209 11:16:24 imageProcessing:31] /20210908100214155C_0.bmp  Starts
[I 20220209 11:16:24 imageProcessing:31] /20210908100214135C_1.bmp  Starts
[I 20220209 11:16:24 imageProcessing:31] /20210908100214155C_1.bmp  Starts
[I 20220209 11:16:24 imageProcessing:31] /20210908100214175C_0.bmp  Starts
[I 20220209 11:16:24 imageProcessing:31] /20210908100214175C_1.bmp  Starts
[I 20220209 11:16:24 imageProcessing:31] /20210908100214195C_0.bmp  Starts
[I 20220209 11:16:24 imageProcessing:31] /20210908100214195C_1.bmp  Starts
[I 20220209 11:16:24 imageProcessing:31] /20210908100214215C_0.bmp  Starts
[I 20220209 11:16:24 imageProcessing:31] /20210908100214235C_0.bmp  Starts
[I 20220209 11:16:24 imageProcessing:31] /20210908100214215C_1.bmp  Starts
[I 20220209 11:16:24 imageProcessing:31] /20210908100214235C_1.bmp  Starts
[I 20220209 11:16:24 imageProcessing:31] /20210908100214255C_0.bmp  Starts
[I 20220209 11:16:24 imageProcessing:31] /20210908100214255C_1.bmp  Starts
[I 20220209 11:16:24 imageProcessing:31] /20210908100214275C_0.bmp  Starts
[I 20220209 11:16:24 imageProcessing:31] /20210908100214275C_1.bmp  Starts
[I 20220209 11:16:24 imageProcessing:31] /20210908100214295C_0.bmp  Starts
[I 20220209 11:16:24 imageProcessing:31] /20210908100214295C_1.bmp  Starts
[I 20220209 11:16:24 imageProcessing:31] /20210908100214315C_0.bmp  Starts
[I 20220209 11:16:24 imageProcessing:31] /20210908100214315C_1.bmp  Starts
[I 20220209 11:16:24 imageProcessing:31] /20210908100214335C_0.bmp  Starts
[I 20220209 11:16:24 imageProcessing:31] /20210908100214335C_1.bmp  Starts
[I 20220209 11:16:24 imageProcessing:31] /20210908100214355C_0.bmp  Starts
[I 20220209 11:16:24 imageProcessing:31] /20210908100214355C_1.bmp  Starts
[I 20220209 11:16:24 imageProcessing:31] /20210908100214375C_0.bmp  Starts
[I 20220209 11:16:24 imageProcessing:31] /20210908100214395C_0.bmp  Starts
[I 20220209 11:16:24 imageProcessing:31] /20210908100214375C_1.bmp  Starts
[I 20220209 11:16:24 imageProcessing:31] /20210908100214395C_1.bmp  Starts
[I 20220209 11:16:24 imageProcessing:31] /20210908100214415C_0.bmp  Starts
[I 20220209 11:16:24 imageProcessing:31] /20210908100214415C_1.bmp  Starts
[I 20220209 11:16:24 imageProcessing:31] /20210908100214435C_0.bmp  Starts
[I 20220209 11:16:24 imageProcessing:31] /20210908100214455C_0.bmp  Starts
[I 20220209 11:16:24 imageProcessing:31] /20210908100214435C_1.bmp  Starts
[I 20220209 11:16:24 imageProcessing:31] /20210908100214455C_1.bmp  Starts
[I 20220209 11:16:24 imageProcessing:31] /20210908100214475C_0.bmp  Starts
[I 20220209 11:16:24 imageProcessing:31] /20210908100214475C_1.bmp  Starts
[I 20220209 11:16:24 imageProcessing:31] /20210908100214495C_0.bmp  Starts
[I 20220209 11:16:24 imageProcessing:31] /20210908100214515C_0.bmp  Starts
[I 20220209 11:16:24 imageProcessing:31] /20210908100214495C_1.bmp  Starts
[I 20220209 11:16:24 imageProcessing:31] /20210908100214515C_1.bmp  Starts
[I 20220209 11:16:24 imageProcessing:31] /20210908100214535C_0.bmp  Starts
[I 20220209 11:16:24 imageProcessing:31] /20210908100214535C_1.bmp  Starts
[I 20220209 11:16:24 imageProcessing:31] /20210908100214555C_0.bmp  Starts
[I 20220209 11:16:24 imageProcessing:31] /20210908100214575C_0.bmp  Starts
[I 20220209 11:16:24 imageProcessing:31] /20210908100214555C_1.bmp  Starts
[I 20220209 11:16:24 imageProcessing:31] /20210908100214595C_0.bmp  Starts
[I 20220209 11:16:24 imageProcessing:31] /20210908100214575C_1.bmp  Starts
[I 20220209 11:16:24 imageProcessing:31] /20210908100214615C_0.bmp  Starts
[I 20220209 11:16:24 imageProcessing:31] /20210908100214595C_1.bmp  Starts
[I 20220209 11:16:24 imageProcessing:31] /20210908100214635C_0.bmp  Starts
[I 20220209 11:16:24 imageProcessing:31] /20210908100214615C_1.bmp  Starts
[I 20220209 11:16:24 imageProcessing:31] /20210908100214635C_1.bmp  Starts
[I 20220209 11:16:24 imageProcessing:31] /20210908100214655C_0.bmp  Starts
[I 20220209 11:16:24 imageProcessing:31] /20210908100214655C_1.bmp  Starts
[I 20220209 11:16:24 imageProcessing:31] /20210908100214675C_0.bmp  Starts
[I 20220209 11:16:24 imageProcessing:31] /20210908100214675C_1.bmp  Starts
[I 20220209 11:16:24 imageProcessing:31] /20210908100214695C_0.bmp  Starts
[I 20220209 11:16:24 imageProcessing:31] /20210908100214695C_1.bmp  Starts
[I 20220209 11:16:24 imageProcessing:31] /20210908100214715C_0.bmp  Starts
[I 20220209 11:16:24 imageProcessing:31] /20210908100214715C_1.bmp  Starts
[I 20220209 11:16:24 imageProcessing:31] /20210908100214735C_0.bmp  Starts
[I 20220209 11:16:24 imageProcessing:31] /20210908100214735C_1.bmp  Starts
[I 20220209 11:16:24 imageProcessing:31] /20210908100214755C_0.bmp  Starts
[I 20220209 11:16:24 imageProcessing:31] /20210908100214755C_1.bmp  Starts
[I 20220209 11:16:24 imageProcessing:31] /20210908100214775C_0.bmp  Starts
[I 20220209 11:16:24 imageProcessing:31] /20210908100214775C_1.bmp  Starts
[I 20220209 11:16:24 imageProcessing:31] /20210908100214795C_0.bmp  Starts
[I 20220209 11:16:24 imageProcessing:31] /20210908100214795C_1.bmp  Starts
[I 20220209 11:16:24 imageProcessing:31] /20210908100214815C_0.bmp  Starts
[I 20220209 11:16:24 imageProcessing:31] /20210908100214815C_1.bmp  Starts
[I 20220209 11:16:24 imageProcessing:31] /20210908100214835C_0.bmp  Starts
[I 20220209 11:16:24 imageProcessing:31] /20210908100214855C_0.bmp  Starts
[I 20220209 11:16:24 imageProcessing:31] /20210908100214835C_1.bmp  Starts
[I 20220209 11:16:24 imageProcessing:31] /20210908100214875C_0.bmp  Starts
[I 20220209 11:16:24 imageProcessing:31] /20210908100214855C_1.bmp  Starts
[I 20220209 11:16:24 imageProcessing:31] /20210908100214875C_1.bmp  Starts
[I 20220209 11:16:24 imageProcessing:31] /20210908100214895C_0.bmp  Starts
[I 20220209 11:16:24 imageProcessing:31] /20210908100214915C_0.bmp  Starts
[I 20220209 11:16:24 imageProcessing:31] /20210908100214895C_1.bmp  Starts
[I 20220209 11:16:24 imageProcessing:31] /20210908100214915C_1.bmp  Starts
[I 20220209 11:16:24 imageProcessing:31] /20210908100214935C_0.bmp  Starts
[I 20220209 11:16:24 imageProcessing:31] /20210908100214935C_1.bmp  Starts
[I 20220209 11:16:24 imageProcessing:31] /20210908100214955C_0.bmp  Starts
[I 20220209 11:16:24 imageProcessing:31] /20210908100214955C_1.bmp  Starts
[I 20220209 11:16:24 imageProcessing:31] /20210908100214975C_0.bmp  Starts
[I 20220209 11:16:24 imageProcessing:31] /20210908100214975C_1.bmp  Starts
[I 20220209 11:16:24 imageProcessing:31] /20210908100214995C_0.bmp  Starts
[I 20220209 11:16:24 imageProcessing:31] /20210908100214995C_1.bmp  Starts
[I 20220209 11:16:24 imageProcessing:31] /20210908100215015C_0.bmp  Starts
[I 20220209 11:16:24 imageProcessing:31] /20210908100215015C_1.bmp  Starts
[I 20220209 11:16:24 imageProcessing:31] /20210908100215035C_0.bmp  Starts
[I 20220209 11:16:25 imageProcessing:31] /20210908100215035C_1.bmp  Starts
[I 20220209 11:16:25 imageProcessing:31] /20210908100215055C_0.bmp  Starts
[I 20220209 11:16:25 imageProcessing:31] /20210908100215055C_1.bmp  Starts
[I 20220209 11:16:25 imageProcessing:31] /20210908100215075C_0.bmp  Starts
[I 20220209 11:16:25 imageProcessing:31] /20210908100215075C_1.bmp  Starts
[I 20220209 11:16:25 imageProcessing:31] /20210908100215095C_0.bmp  Starts
[I 20220209 11:16:25 imageProcessing:31] /20210908100215095C_1.bmp  Starts
[I 20220209 11:16:25 imageProcessing:31] /20210908100215115C_0.bmp  Starts
[I 20220209 11:16:25 imageProcessing:31] /20210908100215115C_1.bmp  Starts
[I 20220209 11:16:25 imageProcessing:31] /20210908100215135C_0.bmp  Starts
[I 20220209 11:16:25 imageProcessing:31] /20210908100215135C_1.bmp  Starts
[I 20220209 11:16:25 imageProcessing:31] /20210908100215155C_0.bmp  Starts
[I 20220209 11:16:25 imageProcessing:31] /20210908100215155C_1.bmp  Starts
[I 20220209 11:16:25 imageProcessing:31] /20210908100215175C_0.bmp  Starts
[I 20220209 11:16:25 imageProcessing:31] /20210908100215175C_1.bmp  Starts
[I 20220209 11:16:25 imageProcessing:31] /20210908100215195C_0.bmp  Starts
[I 20220209 11:16:25 imageProcessing:31] /20210908100215195C_1.bmp  Starts
[I 20220209 11:16:25 imageProcessing:31] /20210908100215215C_0.bmp  Starts
[I 20220209 11:16:25 imageProcessing:31] /20210908100215215C_1.bmp  Starts
[I 20220209 11:16:25 imageProcessing:31] /20210908100215235C_0.bmp  Starts
[I 20220209 11:16:25 imageProcessing:31] /20210908100215235C_1.bmp  Starts
[I 20220209 11:16:25 imageProcessing:31] /20210908100215255C_0.bmp  Starts
[I 20220209 11:16:25 imageProcessing:31] /20210908100215255C_1.bmp  Starts
[I 20220209 11:16:25 imageProcessing:31] /20210908100215275C_0.bmp  Starts
[I 20220209 11:16:25 imageProcessing:31] /20210908100215275C_1.bmp  Starts
[I 20220209 11:16:25 imageProcessing:31] /20210908100215295C_0.bmp  Starts
[I 20220209 11:16:25 imageProcessing:31] /20210908100215295C_1.bmp  Starts
[I 20220209 11:16:25 imageProcessing:31] /20210908100215315C_0.bmp  Starts
[I 20220209 11:16:25 imageProcessing:31] /20210908100215315C_1.bmp  Starts
[I 20220209 11:16:25 imageProcessing:31] /20210908100215335C_0.bmp  Starts
[I 20220209 11:16:25 imageProcessing:31] /20210908100215335C_1.bmp  Starts
[I 20220209 11:16:25 imageProcessing:31] /20210908100215355C_0.bmp  Starts
[I 20220209 11:16:25 imageProcessing:31] /20210908100215355C_1.bmp  Starts
[I 20220209 11:16:25 imageProcessing:31] /20210908100215375C_0.bmp  Starts
[I 20220209 11:16:25 imageProcessing:31] /20210908100215375C_1.bmp  Starts
[I 20220209 11:16:25 imageProcessing:31] /20210908100215395C_0.bmp  Starts
[I 20220209 11:16:25 imageProcessing:31] /20210908100215395C_1.bmp  Starts
[I 20220209 11:16:25 imageProcessing:31] /20210908100215415C_0.bmp  Starts
[I 20220209 11:16:25 imageProcessing:31] /20210908100215415C_1.bmp  Starts
[I 20220209 11:16:25 imageProcessing:31] /20210908100215435C_0.bmp  Starts
[I 20220209 11:16:25 imageProcessing:31] /20210908100215435C_1.bmp  Starts
[I 20220209 11:16:25 imageProcessing:31] /20210908100215455C_0.bmp  Starts
[I 20220209 11:16:25 imageProcessing:31] /20210908100215475C_0.bmp  Starts
[I 20220209 11:16:25 imageProcessing:31] /20210908100215455C_1.bmp  Starts
[I 20220209 11:16:25 imageProcessing:31] /20210908100215495C_0.bmp  Starts
[I 20220209 11:16:25 imageProcessing:31] /20210908100215475C_1.bmp  Starts
[I 20220209 11:16:25 imageProcessing:31] /20210908100215495C_1.bmp  Starts
[I 20220209 11:16:25 imageProcessing:31] /20210908100215515C_0.bmp  Starts
[I 20220209 11:16:25 imageProcessing:31] /20210908100215515C_1.bmp  Starts
[I 20220209 11:16:25 imageProcessing:31] /20210908100215535C_0.bmp  Starts
[I 20220209 11:16:25 imageProcessing:31] /20210908100215535C_1.bmp  Starts
[I 20220209 11:16:25 imageProcessing:31] /20210908100215555C_0.bmp  Starts
[I 20220209 11:16:25 imageProcessing:31] /20210908100215555C_1.bmp  Starts
[I 20220209 11:16:25 imageProcessing:31] /20210908100215575C_0.bmp  Starts
[I 20220209 11:16:25 imageProcessing:31] /20210908100215575C_1.bmp  Starts
[I 20220209 11:16:25 imageProcessing:31] /20210908100215595C_0.bmp  Starts
[I 20220209 11:16:25 imageProcessing:31] /20210908100215595C_1.bmp  Starts
[I 20220209 11:16:25 imageProcessing:31] /20210908100215615C_0.bmp  Starts
[I 20220209 11:16:25 imageProcessing:31] /20210908100215615C_1.bmp  Starts
[I 20220209 11:16:25 imageProcessing:31] /20210908100215635C_0.bmp  Starts
[I 20220209 11:16:25 imageProcessing:31] /20210908100215635C_1.bmp  Starts
[I 20220209 11:16:25 imageProcessing:31] /20210908100215655C_0.bmp  Starts
[I 20220209 11:16:25 imageProcessing:31] /20210908100215655C_1.bmp  Starts
[I 20220209 11:16:25 imageProcessing:31] /20210908100215675C_0.bmp  Starts
[I 20220209 11:16:25 imageProcessing:31] /20210908100215675C_1.bmp  Starts
[I 20220209 11:16:25 imageProcessing:31] /20210908100215695C_0.bmp  Starts
[I 20220209 11:16:25 imageProcessing:31] /20210908100215695C_1.bmp  Starts
[I 20220209 11:16:25 imageProcessing:31] /20210908100215715C_0.bmp  Starts
[I 20220209 11:16:25 imageProcessing:31] /20210908100215715C_1.bmp  Starts
[I 20220209 11:16:25 imageProcessing:31] /20210908100215735C_0.bmp  Starts
[I 20220209 11:16:25 imageProcessing:31] /20210908100215735C_1.bmp  Starts
[I 20220209 11:16:25 imageProcessing:31] /20210908100215755C_0.bmp  Starts
[I 20220209 11:16:25 imageProcessing:31] /20210908100215755C_1.bmp  Starts
[I 20220209 11:16:25 imageProcessing:31] /20210908100215775C_0.bmp  Starts
[I 20220209 11:16:25 imageProcessing:31] /20210908100215775C_1.bmp  Starts
[I 20220209 11:16:25 imageProcessing:31] /20210908100215795C_0.bmp  Starts
[I 20220209 11:16:25 imageProcessing:31] /20210908100215795C_1.bmp  Starts
[I 20220209 11:16:25 imageProcessing:31] /20210908100215815C_0.bmp  Starts
[I 20220209 11:16:25 imageProcessing:31] /20210908100215815C_1.bmp  Starts
[I 20220209 11:16:25 imageProcessing:31] /20210908100215835C_0.bmp  Starts
[I 20220209 11:16:25 imageProcessing:31] /20210908100215835C_1.bmp  Starts
[I 20220209 11:16:25 imageProcessing:31] /20210908100215855C_0.bmp  Starts
[I 20220209 11:16:25 imageProcessing:31] /20210908100215855C_1.bmp  Starts
[I 20220209 11:16:25 imageProcessing:31] /20210908100215875C_0.bmp  Starts
[I 20220209 11:16:25 imageProcessing:31] /20210908100215875C_1.bmp  Starts
[I 20220209 11:16:25 imageProcessing:31] /20210908100215895C_0.bmp  Starts
[I 20220209 11:16:25 imageProcessing:31] /20210908100215895C_1.bmp  Starts
[I 20220209 11:16:25 imageProcessing:31] /20210908100215915C_0.bmp  Starts
[I 20220209 11:16:25 imageProcessing:31] /20210908100215915C_1.bmp  Starts
[I 20220209 11:16:25 imageProcessing:31] /20210908100215935C_0.bmp  Starts
[I 20220209 11:16:25 imageProcessing:31] /20210908100215935C_1.bmp  Starts
[I 20220209 11:16:25 imageProcessing:31] /20210908100215955C_0.bmp  Starts
[I 20220209 11:16:25 imageProcessing:31] /20210908100215975C_0.bmp  Starts
[I 20220209 11:16:25 imageProcessing:31] /20210908100215955C_1.bmp  Starts
[I 20220209 11:16:25 imageProcessing:31] /20210908100215995C_0.bmp  Starts
[I 20220209 11:16:25 imageProcessing:31] /20210908100215975C_1.bmp  Starts
[I 20220209 11:16:25 imageProcessing:31] /20210908100215995C_1.bmp  Starts
[I 20220209 11:16:25 imageProcessing:31] /20210908100216015C_0.bmp  Starts
[I 20220209 11:16:25 imageProcessing:31] /20210908100216015C_1.bmp  Starts
[I 20220209 11:16:25 imageProcessing:31] /20210908100216035C_0.bmp  Starts
[I 20220209 11:16:25 imageProcessing:31] /20210908100216055C_0.bmp  Starts
[I 20220209 11:16:25 imageProcessing:31] /20210908100216035C_1.bmp  Starts
[I 20220209 11:16:25 imageProcessing:31] /20210908100216055C_1.bmp  Starts
[I 20220209 11:16:25 imageProcessing:31] /20210908100216075C_0.bmp  Starts
[I 20220209 11:16:25 imageProcessing:31] /20210908100216075C_1.bmp  Starts
[I 20220209 11:16:25 imageProcessing:31] /20210908100216095C_0.bmp  Starts
[I 20220209 11:16:25 imageProcessing:31] /20210908100216095C_1.bmp  Starts
[I 20220209 11:16:25 imageProcessing:31] /20210908100216115C_0.bmp  Starts
[I 20220209 11:16:25 imageProcessing:31] /20210908100216115C_1.bmp  Starts
[I 20220209 11:16:25 imageProcessing:31] /20210908100216135C_0.bmp  Starts
[I 20220209 11:16:25 imageProcessing:31] /20210908100216155C_0.bmp  Starts
[I 20220209 11:16:25 imageProcessing:31] /20210908100216135C_1.bmp  Starts
[I 20220209 11:16:25 imageProcessing:31] /20210908100216155C_1.bmp  Starts
[I 20220209 11:16:25 imageProcessing:31] /20210908100216175C_0.bmp  Starts
[I 20220209 11:16:25 imageProcessing:31] /20210908100216175C_1.bmp  Starts
[I 20220209 11:16:25 imageProcessing:31] /20210908100216195C_0.bmp  Starts
[I 20220209 11:16:25 imageProcessing:31] /20210908100216215C_0.bmp  Starts
[I 20220209 11:16:25 imageProcessing:31] /20210908100216195C_1.bmp  Starts
[I 20220209 11:16:25 imageProcessing:31] /20210908100216215C_1.bmp  Starts
[I 20220209 11:16:25 imageProcessing:31] /20210908100216235C_0.bmp  Starts
[I 20220209 11:16:25 imageProcessing:31] /20210908100216235C_1.bmp  Starts
[I 20220209 11:16:25 imageProcessing:31] /20210908100216255C_0.bmp  Starts
[I 20220209 11:16:25 imageProcessing:31] /20210908100216255C_1.bmp  Starts
[I 20220209 11:16:25 imageProcessing:31] /20210908100216275C_0.bmp  Starts
[I 20220209 11:16:25 imageProcessing:31] /20210908100216275C_1.bmp  Starts
[I 20220209 11:16:25 imageProcessing:31] /20210908100216295C_0.bmp  Starts
[I 20220209 11:16:25 imageProcessing:31] /20210908100216295C_1.bmp  Starts
[I 20220209 11:16:25 imageProcessing:31] /20210908100216315C_0.bmp  Starts
[I 20220209 11:16:25 imageProcessing:31] /20210908100216315C_1.bmp  Starts
[I 20220209 11:16:25 imageProcessing:31] /20210908100216335C_0.bmp  Starts
[I 20220209 11:16:25 imageProcessing:31] /20210908100216335C_1.bmp  Starts
[I 20220209 11:16:25 imageProcessing:31] /20210908100216355C_0.bmp  Starts
[I 20220209 11:16:25 imageProcessing:31] /20210908100216355C_1.bmp  Starts
[I 20220209 11:16:25 imageProcessing:31] /20210908100216375C_0.bmp  Starts
[I 20220209 11:16:25 imageProcessing:31] /20210908100216375C_1.bmp  Starts
[I 20220209 11:16:25 imageProcessing:31] /20210908100216395C_0.bmp  Starts
[I 20220209 11:16:25 imageProcessing:31] /20210908100216395C_1.bmp  Starts
[I 20220209 11:16:26 imageProcessing:31] /20210908100216415C_0.bmp  Starts
[I 20220209 11:16:26 imageProcessing:31] /20210908100216415C_1.bmp  Starts
[I 20220209 11:16:26 imageProcessing:31] /20210908100216435C_0.bmp  Starts
[I 20220209 11:16:26 imageProcessing:31] /20210908100216435C_1.bmp  Starts
[I 20220209 11:16:26 imageProcessing:31] /20210908100216455C_0.bmp  Starts
[I 20220209 11:16:26 imageProcessing:31] /20210908100216475C_0.bmp  Starts
[I 20220209 11:16:26 imageProcessing:31] /20210908100216455C_1.bmp  Starts
[I 20220209 11:16:26 imageProcessing:31] /20210908100216475C_1.bmp  Starts
[I 20220209 11:16:26 imageProcessing:31] /20210908100216495C_0.bmp  Starts
[I 20220209 11:16:26 imageProcessing:31] /20210908100216495C_1.bmp  Starts
[I 20220209 11:16:26 imageProcessing:31] /20210908100216515C_0.bmp  Starts
[I 20220209 11:16:26 imageProcessing:31] /20210908100216515C_1.bmp  Starts
[I 20220209 11:16:26 imageProcessing:31] /20210908100216535C_0.bmp  Starts
[I 20220209 11:16:26 imageProcessing:31] /20210908100216535C_1.bmp  Starts
[I 20220209 11:16:26 imageProcessing:31] /20210908100216555C_0.bmp  Starts
[I 20220209 11:16:26 imageProcessing:31] /20210908100216555C_1.bmp  Starts
[I 20220209 11:16:26 imageProcessing:31] /20210908100216575C_0.bmp  Starts
[I 20220209 11:16:26 imageProcessing:31] /20210908100216575C_1.bmp  Starts
[I 20220209 11:16:26 imageProcessing:31] /20210908100216595C_0.bmp  Starts
[I 20220209 11:16:26 imageProcessing:31] /20210908100216595C_1.bmp  Starts
[I 20220209 11:16:26 imageProcessing:31] /20210908100216615C_0.bmp  Starts
[I 20220209 11:16:26 imageProcessing:31] /20210908100216615C_1.bmp  Starts
[I 20220209 11:16:26 imageProcessing:31] /20210908100216635C_0.bmp  Starts
[I 20220209 11:16:26 imageProcessing:31] /20210908100216635C_1.bmp  Starts
[I 20220209 11:16:26 imageProcessing:31] /20210908100216655C_0.bmp  Starts
[I 20220209 11:16:26 imageProcessing:31] /20210908100216655C_1.bmp  Starts
[I 20220209 11:16:26 imageProcessing:31] /20210908100216675C_0.bmp  Starts
[I 20220209 11:16:26 imageProcessing:31] /20210908100216675C_1.bmp  Starts
[I 20220209 11:16:26 imageProcessing:31] /20210908100216695C_0.bmp  Starts
[I 20220209 11:16:26 imageProcessing:31] /20210908100216695C_1.bmp  Starts
[I 20220209 11:16:26 imageProcessing:31] /20210908100216715C_0.bmp  Starts
[I 20220209 11:16:26 imageProcessing:31] /20210908100216715C_1.bmp  Starts
[I 20220209 11:16:26 imageProcessing:31] /20210908100216735C_0.bmp  Starts
[I 20220209 11:16:26 imageProcessing:31] /20210908100216735C_1.bmp  Starts
[I 20220209 11:16:26 imageProcessing:31] /20210908100216755C_0.bmp  Starts
[I 20220209 11:16:26 imageProcessing:31] /20210908100216755C_1.bmp  Starts
[I 20220209 11:16:26 imageProcessing:31] /20210908100216775C_0.bmp  Starts
[I 20220209 11:16:26 imageProcessing:31] /20210908100216775C_1.bmp  Starts
[I 20220209 11:16:26 imageProcessing:31] /20210908100216795C_0.bmp  Starts
[I 20220209 11:16:26 imageProcessing:31] /20210908100216795C_1.bmp  Starts
[I 20220209 11:16:33 interface:110] the path already exited: ./video
[I 20220209 11:16:33 imgToVid:7] START
[I 20220209 11:16:36 imgToVid:26] START
[I 20220209 11:16:39 moveObj:6] START
[I 20220209 11:16:39 moveObj:9] END
